<?xml version="1.0" encoding="UTF-8"?>
<!-- Generated by org.testng.reporters.JUnitXMLReporter -->
<testsuite ignored="6" hostname="hp-H310B" failures="1" tests="3" name="Test" time="62.221" errors="0" timestamp="2024-12-05T11:40:56 IST">
  <testcase classname="com.aurelius.authentication.TestLoginPage" name="VerifyTheUserShouldNotLoginWithInValidCredentials" time="49.806">
    <failure type="org.openqa.selenium.TimeoutException" message="Expected condition failed: waiting for visibility of Proxy element for: DefaultElementLocator &amp;apos;By.xpath: //div[@role=&amp;apos;alert&amp;apos;]&amp;apos; (tried for 30 second(s) with 500 milliseconds interval)">
      <![CDATA[org.openqa.selenium.TimeoutException: Expected condition failed: waiting for visibility of Proxy element for: DefaultElementLocator 'By.xpath: //div[@role='alert']' (tried for 30 second(s) with 500 milliseconds interval)
at org.openqa.selenium.support.ui.WebDriverWait.timeoutException(WebDriverWait.java:95)
at org.openqa.selenium.support.ui.FluentWait.until(FluentWait.java:272)
at com.aurelius.authentication.pom.LoginPage.waitForElementToBeVisible(LoginPage.java:24)
at com.aurelius.authentication.pom.LoginPage.getTostMsg(LoginPage.java:67)
at com.aurelius.authentication.TestLoginPage.VerifyTheUserShouldNotLoginWithInValidCredentials(TestLoginPage.java:32)
at java.base/java.util.ArrayList.forEach(ArrayList.java:1596)
Caused by: org.openqa.selenium.NoSuchElementException: no such element: Unable to locate element: {"method":"xpath","selector":"//div[@role='alert']"}
  (Session info: chrome=131.0.6778.69)
For documentation on this error, please visit: https://www.seleniumhq.org/exceptions/no_such_element.html
Build info: version: '3.141.59', revision: 'e82be7d358', time: '2018-11-14T08:17:03'
System info: host: 'hp-H310B', ip: '127.0.1.1', os.name: 'Linux', os.arch: 'amd64', os.version: '6.2.0-39-generic', java.version: '21.0.2'
Driver info: org.openqa.selenium.chrome.ChromeDriver
Capabilities {acceptInsecureCerts: false, browserName: chrome, browserVersion: 131.0.6778.69, chrome: {chromedriverVersion: 131.0.6778.87 (ce31cae94873..., userDataDir: /tmp/.org.chromium.Chromium...}, fedcm:accounts: true, goog:chromeOptions: {debuggerAddress: localhost:33455}, javascriptEnabled: true, networkConnectionEnabled: false, pageLoadStrategy: normal, platform: LINUX, platformName: LINUX, proxy: Proxy(), setWindowRect: true, strictFileInteractability: false, timeouts: {implicit: 0, pageLoad: 300000, script: 30000}, unhandledPromptBehavior: dismiss and notify, webauthn:extension:credBlob: true, webauthn:extension:largeBlob: true, webauthn:extension:minPinLength: true, webauthn:extension:prf: true, webauthn:virtualAuthenticators: true}
Session ID: ea809004ac65841fc501e573b62db75b
*** Element info: {Using=xpath, value=//div[@role='alert']}
at org.openqa.selenium.remote.http.W3CHttpResponseCodec.createException(W3CHttpResponseCodec.java:187)
at org.openqa.selenium.remote.http.W3CHttpResponseCodec.decode(W3CHttpResponseCodec.java:122)
at org.openqa.selenium.remote.http.W3CHttpResponseCodec.decode(W3CHttpResponseCodec.java:49)
at org.openqa.selenium.remote.HttpCommandExecutor.execute(HttpCommandExecutor.java:158)
at org.openqa.selenium.remote.service.DriverCommandExecutor.execute(DriverCommandExecutor.java:83)
at org.openqa.selenium.remote.RemoteWebDriver.execute(RemoteWebDriver.java:552)
at org.openqa.selenium.remote.RemoteWebDriver.findElement(RemoteWebDriver.java:323)
at org.openqa.selenium.remote.RemoteWebDriver.findElementByXPath(RemoteWebDriver.java:428)
at org.openqa.selenium.By$ByXPath.findElement(By.java:353)
at org.openqa.selenium.remote.RemoteWebDriver.findElement(RemoteWebDriver.java:315)
at org.openqa.selenium.support.pagefactory.DefaultElementLocator.findElement(DefaultElementLocator.java:69)
at org.openqa.selenium.support.pagefactory.internal.LocatingElementHandler.invoke(LocatingElementHandler.java:38)
at jdk.proxy2/jdk.proxy2.$Proxy13.isDisplayed(Unknown Source)
at org.openqa.selenium.support.ui.ExpectedConditions.elementIfVisible(ExpectedConditions.java:314)
at org.openqa.selenium.support.ui.ExpectedConditions.access$000(ExpectedConditions.java:43)
at org.openqa.selenium.support.ui.ExpectedConditions$10.apply(ExpectedConditions.java:300)
at org.openqa.selenium.support.ui.ExpectedConditions$10.apply(ExpectedConditions.java:297)
at org.openqa.selenium.support.ui.FluentWait.until(FluentWait.java:249)
... 29 more
... Removed 28 stack frames]]>
    </failure>
  </testcase> <!-- VerifyTheUserShouldNotLoginWithInValidCredentials -->
  <testcase classname="com.aurelius.authentication.TestForgotPassword" name="verifyThatEnterTheInvalidEmailInForgotPassword" time="9.623"/>
  <testcase classname="com.aurelius.authentication.TestForgotPassword" name="verifyThatNavigateToTheForgotPassword" time="0.338"/>
  <testcase classname="com.aurelius.authentication.TestLoginPage" name="VerifyThatIfUserIsNotRegister" time="0.0">
    <ignored/>
  </testcase> <!-- VerifyThatIfUserIsNotRegister -->
  <testcase classname="com.aurelius.authentication.TestLoginPage" name="VerifyTheUserShouldLogginWithValidCredentials" time="0.0">
    <ignored/>
  </testcase> <!-- VerifyTheUserShouldLogginWithValidCredentials -->
  <testcase classname="com.aurelius.authentication.TestSignUpPage" name="verifyThatAfterEnteringTheInvalidOtp" time="0.0">
    <ignored/>
  </testcase> <!-- verifyThatAfterEnteringTheInvalidOtp -->
  <testcase classname="com.aurelius.authentication.TestSignUpPage" name="verifyThatAfterClickOnResendButtionWaitFor60Secconds" time="0.0">
    <ignored/>
  </testcase> <!-- verifyThatAfterClickOnResendButtionWaitFor60Secconds -->
  <testcase classname="com.aurelius.authentication.TestSignUpPage" name="testUserWithValidUserEmail" time="0.0">
    <ignored/>
  </testcase> <!-- testUserWithValidUserEmail -->
  <testcase classname="com.aurelius.authentication.TestLoginPage" name="VerifyThatShowProperErrorMsgAfterEnteringTheInvalidEmail" time="0.0">
    <ignored/>
  </testcase> <!-- VerifyThatShowProperErrorMsgAfterEnteringTheInvalidEmail -->
</testsuite> <!-- Test -->
